2021-04-13 19:35:04,359 - test_login.py[line:72] - INFO - 登录成功
2021-04-13 19:35:14,721 - test_login.py[line:96] - INFO - 请输入正确的帐号！
2021-04-13 19:35:15,820 - test_login.py[line:102] - INFO - 没有登录进去
assert 'QQ邮箱' == '登录QQ邮箱'
  - 登录QQ邮箱
  ? --
  + QQ邮箱
2021-04-13 19:35:26,119 - test_login.py[line:124] - INFO - 你还没有输入帐号！
2021-04-13 19:35:27,214 - test_login.py[line:130] - INFO - 没有登录进去
assert 'QQ邮箱' == '登录QQ邮箱'
  - 登录QQ邮箱
  ? --
  + QQ邮箱
2021-04-13 19:35:34,478 - test_login.py[line:151] - INFO - 你还没有输入帐号！
2021-04-13 19:35:35,566 - test_login.py[line:157] - INFO - 没有登录进去
assert 'QQ邮箱' == '登录QQ邮箱'
  - 登录QQ邮箱
  ? --
  + QQ邮箱
2021-04-13 19:35:56,280 - test_login.py[line:178] - INFO - 你还没有输入帐号！
2021-04-13 19:35:57,366 - test_login.py[line:184] - INFO - 没有登录进去
assert 'QQ邮箱' == '登录QQ邮箱'
  - 登录QQ邮箱
  ? --
  + QQ邮箱
