2021-04-14 12:10:52,904 - test_login.py[line:36] - INFO - 登录成功
2021-04-14 12:11:15,352 - test_login.py[line:61] - INFO - 请输入正确的帐号！
2021-04-14 12:11:16,460 - test_login.py[line:67] - INFO - 没有登录进去
assert 'QQ邮箱' == '登录QQ邮箱'
  - 登录QQ邮箱
  ? --
  + QQ邮箱
2021-04-14 12:11:39,061 - test_login.py[line:89] - INFO - 你还没有输入帐号！
2021-04-14 12:11:40,167 - test_login.py[line:95] - INFO - 没有登录进去
assert 'QQ邮箱' == '登录QQ邮箱'
  - 登录QQ邮箱
  ? --
  + QQ邮箱
2021-04-14 12:11:47,570 - test_login.py[line:116] - INFO - 你还没有输入帐号！
2021-04-14 12:11:48,675 - test_login.py[line:122] - INFO - 没有登录进去
assert 'QQ邮箱' == '登录QQ邮箱'
  - 登录QQ邮箱
  ? --
  + QQ邮箱
2021-04-14 12:12:08,103 - test_login.py[line:143] - INFO - 你还没有输入帐号！
2021-04-14 12:12:09,204 - test_login.py[line:149] - INFO - 没有登录进去
assert 'QQ邮箱' == '登录QQ邮箱'
  - 登录QQ邮箱
  ? --
  + QQ邮箱
